<?xml version="1.0" encoding="UTF-8"?>
<!-- Generated by org.testng.reporters.JUnitXMLReporter -->
<testsuite hostname="DESKTOP-9C2HJJE" ignored="0" name="Automation Challenge Test Execution" tests="13" failures="0" timestamp="28 Apr 2019 02:08:48 GMT" time="264.959" errors="0">
  <testcase name="navigateToCategoryTest" time="2.226" classname="com.automation.tests.HomePageTest"/>
  <testcase name="verifyselectItemAndCheckOut" time="5.366" classname="com.automation.tests.CategoryPageTest"/>
  <testcase name="verifyselectItemAndCheckOut" time="1.684" classname="com.automation.tests.OrderPageTest"/>
  <testcase name="validateAlreadyRegisterdEmails" time="1.255" classname="com.automation.tests.GuestCheckoutPageTest"/>
  <testcase name="verifyEmailAndCreateAccontButton" time="0.197" classname="com.automation.tests.GuestCheckoutPageTest"/>
  <testcase name="errorVerificationWhennoValuePassedInForm" time="24.157" classname="com.automation.tests.CreateAccountPageTest"/>
  <testcase name="verifyCreateAccontPage" time="0.033" classname="com.automation.tests.CreateAccountPageTest"/>
  <testcase name="verifyElementDoesNotExistForCountrySelection" time="4.868" classname="com.automation.tests.CreateAccountPageTest"/>
  <testcase name="verifyNewAccountCreation" time="5.837" classname="com.automation.tests.CreateAccountPageTest"/>
  <testcase name="verifyNoPhoneNumberPassed" time="5.738" classname="com.automation.tests.CreateAccountPageTest"/>
  <testcase name="verifyProceedToCheckoutAddressTab" time="2.892" classname="com.automation.tests.AddressTabPageTest"/>
  <testcase name="verifyProceedToCheckoutShippingTab" time="1.154" classname="com.automation.tests.ShippingTabPageTest"/>
  <testcase name="verifyOrder" time="0.079" classname="com.automation.tests.PaymentConfirmOrderPageTest"/>
</testsuite> <!-- Automation Challenge Test Execution -->
