<?xml version="1.0" encoding="UTF-8"?>
<testng-results skipped="0" failed="0" ignored="1" total="2" passed="1">
  <reporter-output>
  </reporter-output>
  <suite name="Default suite" duration-ms="23089" started-at="2019-04-28T11:58:55Z" finished-at="2019-04-28T11:59:18Z">
    <groups>
    </groups>
    <test name="Default test" duration-ms="23089" started-at="2019-04-28T11:58:55Z" finished-at="2019-04-28T11:59:18Z">
      <class name="com.automation.tests.PaymentConfirmOrderPageTest">
        <test-method status="PASS" signature="setUp()[pri:0, instance:com.automation.tests.PaymentConfirmOrderPageTest@1b7cc17c]" name="setUp" is-config="true" duration-ms="22323" started-at="2019-04-28T07:58:55Z" finished-at="2019-04-28T07:59:17Z">
          <reporter-output>
          </reporter-output>
        </test-method> <!-- setUp -->
        <test-method status="PASS" signature="verifyPaymentPageTextAndTitle()[pri:0, instance:com.automation.tests.PaymentConfirmOrderPageTest@1b7cc17c]" name="verifyPaymentPageTextAndTitle" duration-ms="39" started-at="2019-04-28T07:59:17Z" finished-at="2019-04-28T07:59:17Z">
          <reporter-output>
          </reporter-output>
        </test-method> <!-- verifyPaymentPageTextAndTitle -->
        <test-method status="PASS" signature="tearDown()[pri:0, instance:com.automation.tests.PaymentConfirmOrderPageTest@1b7cc17c]" name="tearDown" is-config="true" duration-ms="714" started-at="2019-04-28T07:59:17Z" finished-at="2019-04-28T07:59:18Z">
          <reporter-output>
          </reporter-output>
        </test-method> <!-- tearDown -->
      </class> <!-- com.automation.tests.PaymentConfirmOrderPageTest -->
    </test> <!-- Default test -->
  </suite> <!-- Default suite -->
</testng-results>
