<?xml version="1.0" encoding="UTF-8"?>
<!-- Generated by org.testng.reporters.JUnitXMLReporter -->
<testsuite hostname="DESKTOP-9C2HJJE" ignored="1" name="Default test" tests="1" failures="0" timestamp="28 Apr 2019 11:59:18 GMT" time="23.089" errors="0">
  <testcase name="verifyPaymentPageTextAndTitle" time="0.039" classname="com.automation.tests.PaymentConfirmOrderPageTest"/>
  <testcase name="verifyOrder" time="0.0" classname="com.automation.tests.PaymentConfirmOrderPageTest">
    <ignored/>
  </testcase> <!-- verifyOrder -->
</testsuite> <!-- Default test -->
