<?xml version="1.0" encoding="UTF-8"?>
<testng-results skipped="0" failed="0" ignored="0" total="13" passed="13">
  <reporter-output>
  </reporter-output>
  <suite name="Test Automation Test Suite" duration-ms="264959" started-at="2019-04-28T02:04:23Z" finished-at="2019-04-28T02:08:48Z">
    <groups>
    </groups>
    <test name="Automation Challenge Test Execution" duration-ms="264959" started-at="2019-04-28T02:04:23Z" finished-at="2019-04-28T02:08:48Z">
      <class name="com.automation.tests.OrderPageTest">
        <test-method status="PASS" signature="setup()[pri:0, instance:com.automation.tests.OrderPageTest@67c27493]" name="setup" is-config="true" duration-ms="14271" started-at="2019-04-27T22:04:46Z" finished-at="2019-04-27T22:05:00Z">
          <reporter-output>
          </reporter-output>
        </test-method> <!-- setup -->
        <test-method status="PASS" signature="verifyselectItemAndCheckOut()[pri:0, instance:com.automation.tests.OrderPageTest@67c27493]" name="verifyselectItemAndCheckOut" duration-ms="1684" started-at="2019-04-27T22:05:00Z" finished-at="2019-04-27T22:05:02Z">
          <reporter-output>
          </reporter-output>
        </test-method> <!-- verifyselectItemAndCheckOut -->
        <test-method status="PASS" signature="tearDown()[pri:0, instance:com.automation.tests.OrderPageTest@67c27493]" name="tearDown" is-config="true" duration-ms="1212" started-at="2019-04-27T22:05:02Z" finished-at="2019-04-27T22:05:03Z">
          <reporter-output>
          </reporter-output>
        </test-method> <!-- tearDown -->
      </class> <!-- com.automation.tests.OrderPageTest -->
      <class name="com.automation.tests.CreateAccountPageTest">
        <test-method status="PASS" signature="setup()[pri:0, instance:com.automation.tests.CreateAccountPageTest@72967906]" name="setup" is-config="true" duration-ms="15485" started-at="2019-04-27T22:05:36Z" finished-at="2019-04-27T22:05:52Z">
          <reporter-output>
          </reporter-output>
        </test-method> <!-- setup -->
        <test-method status="PASS" signature="errorVerificationWhennoValuePassedInForm()[pri:0, instance:com.automation.tests.CreateAccountPageTest@72967906]" name="errorVerificationWhennoValuePassedInForm" duration-ms="24157" started-at="2019-04-27T22:05:52Z" finished-at="2019-04-27T22:06:16Z">
          <reporter-output>
          </reporter-output>
        </test-method> <!-- errorVerificationWhennoValuePassedInForm -->
        <test-method status="PASS" signature="tearDown()[pri:0, instance:com.automation.tests.CreateAccountPageTest@72967906]" name="tearDown" is-config="true" duration-ms="709" started-at="2019-04-27T22:06:16Z" finished-at="2019-04-27T22:06:17Z">
          <reporter-output>
          </reporter-output>
        </test-method> <!-- tearDown -->
        <test-method status="PASS" signature="setup()[pri:0, instance:com.automation.tests.CreateAccountPageTest@72967906]" name="setup" is-config="true" duration-ms="14365" started-at="2019-04-27T22:06:17Z" finished-at="2019-04-27T22:06:31Z">
          <reporter-output>
          </reporter-output>
        </test-method> <!-- setup -->
        <test-method status="PASS" signature="verifyCreateAccontPage()[pri:0, instance:com.automation.tests.CreateAccountPageTest@72967906]" name="verifyCreateAccontPage" duration-ms="33" started-at="2019-04-27T22:06:31Z" finished-at="2019-04-27T22:06:31Z">
          <reporter-output>
          </reporter-output>
        </test-method> <!-- verifyCreateAccontPage -->
        <test-method status="PASS" signature="tearDown()[pri:0, instance:com.automation.tests.CreateAccountPageTest@72967906]" name="tearDown" is-config="true" duration-ms="708" started-at="2019-04-27T22:06:31Z" finished-at="2019-04-27T22:06:32Z">
          <reporter-output>
          </reporter-output>
        </test-method> <!-- tearDown -->
        <test-method status="PASS" signature="setup()[pri:0, instance:com.automation.tests.CreateAccountPageTest@72967906]" name="setup" is-config="true" duration-ms="15839" started-at="2019-04-27T22:06:32Z" finished-at="2019-04-27T22:06:48Z">
          <reporter-output>
          </reporter-output>
        </test-method> <!-- setup -->
        <test-method status="PASS" signature="verifyElementDoesNotExistForCountrySelection()[pri:0, instance:com.automation.tests.CreateAccountPageTest@72967906]" name="verifyElementDoesNotExistForCountrySelection" duration-ms="4868" started-at="2019-04-27T22:06:48Z" finished-at="2019-04-27T22:06:53Z">
          <reporter-output>
          </reporter-output>
        </test-method> <!-- verifyElementDoesNotExistForCountrySelection -->
        <test-method status="PASS" signature="tearDown()[pri:0, instance:com.automation.tests.CreateAccountPageTest@72967906]" name="tearDown" is-config="true" duration-ms="722" started-at="2019-04-27T22:06:53Z" finished-at="2019-04-27T22:06:53Z">
          <reporter-output>
          </reporter-output>
        </test-method> <!-- tearDown -->
        <test-method status="PASS" signature="setup()[pri:0, instance:com.automation.tests.CreateAccountPageTest@72967906]" name="setup" is-config="true" duration-ms="14370" started-at="2019-04-27T22:06:54Z" finished-at="2019-04-27T22:07:08Z">
          <reporter-output>
          </reporter-output>
        </test-method> <!-- setup -->
        <test-method status="PASS" signature="verifyNewAccountCreation(java.lang.String, java.lang.String, java.lang.String, java.lang.String, java.lang.String, java.lang.String, java.lang.String, java.lang.String, java.lang.String, java.lang.String, java.lang.String, java.lang.String, java.lang.String, java.lang.String, java.lang.String, java.lang.String, java.lang.String, java.lang.String, java.lang.String, java.lang.String)[pri:0, instance:com.automation.tests.CreateAccountPageTest@72967906]" name="verifyNewAccountCreation" duration-ms="5837" started-at="2019-04-27T22:07:08Z" data-provider="getAcctCreationData" finished-at="2019-04-27T22:07:14Z">
          <params>
            <param index="0">
              <value>
                <![CDATA[M]]>
              </value>
            </param>
            <param index="1">
              <value>
                <![CDATA[Masar]]>
              </value>
            </param>
            <param index="2">
              <value>
                <![CDATA[Nisarr]]>
              </value>
            </param>
            <param index="3">
              <value>
                <![CDATA[masar123]]>
              </value>
            </param>
            <param index="4">
              <value>
                <![CDATA[2]]>
              </value>
            </param>
            <param index="5">
              <value>
                <![CDATA[4]]>
              </value>
            </param>
            <param index="6">
              <value>
                <![CDATA[6]]>
              </value>
            </param>
            <param index="7">
              <value>
                <![CDATA[Masar]]>
              </value>
            </param>
            <param index="8">
              <value>
                <![CDATA[Nisarr]]>
              </value>
            </param>
            <param index="9">
              <value>
                <![CDATA[cmp1]]>
              </value>
            </param>
            <param index="10">
              <value>
                <![CDATA[add1]]>
              </value>
            </param>
            <param index="11">
              <value>
                <![CDATA[add2]]>
              </value>
            </param>
            <param index="12">
              <value>
                <![CDATA[winchester]]>
              </value>
            </param>
            <param index="13">
              <value>
                <![CDATA[Florida]]>
              </value>
            </param>
            <param index="14">
              <value>
                <![CDATA[21780]]>
              </value>
            </param>
            <param index="15">
              <value>
                <![CDATA[United States]]>
              </value>
            </param>
            <param index="16">
              <value>
                <![CDATA[test123]]>
              </value>
            </param>
            <param index="17">
              <value>
                <![CDATA[201-45-9876]]>
              </value>
            </param>
            <param index="18">
              <value>
                <![CDATA[748-535-7312]]>
              </value>
            </param>
            <param index="19">
              <value>
                <![CDATA[add_alias]]>
              </value>
            </param>
          </params>
          <reporter-output>
          </reporter-output>
        </test-method> <!-- verifyNewAccountCreation -->
        <test-method status="PASS" signature="tearDown()[pri:0, instance:com.automation.tests.CreateAccountPageTest@72967906]" name="tearDown" is-config="true" duration-ms="699" started-at="2019-04-27T22:07:14Z" finished-at="2019-04-27T22:07:15Z">
          <reporter-output>
          </reporter-output>
        </test-method> <!-- tearDown -->
        <test-method status="PASS" signature="setup()[pri:0, instance:com.automation.tests.CreateAccountPageTest@72967906]" name="setup" is-config="true" duration-ms="15615" started-at="2019-04-27T22:07:15Z" finished-at="2019-04-27T22:07:30Z">
          <reporter-output>
          </reporter-output>
        </test-method> <!-- setup -->
        <test-method status="PASS" signature="verifyNoPhoneNumberPassed()[pri:0, instance:com.automation.tests.CreateAccountPageTest@72967906]" name="verifyNoPhoneNumberPassed" duration-ms="5738" started-at="2019-04-27T22:07:30Z" finished-at="2019-04-27T22:07:36Z">
          <reporter-output>
          </reporter-output>
        </test-method> <!-- verifyNoPhoneNumberPassed -->
        <test-method status="PASS" signature="tearDown()[pri:0, instance:com.automation.tests.CreateAccountPageTest@72967906]" name="tearDown" is-config="true" duration-ms="723" started-at="2019-04-27T22:07:36Z" finished-at="2019-04-27T22:07:37Z">
          <reporter-output>
          </reporter-output>
        </test-method> <!-- tearDown -->
      </class> <!-- com.automation.tests.CreateAccountPageTest -->
      <class name="com.automation.tests.GuestCheckoutPageTest">
        <test-method status="PASS" signature="setup()[pri:0, instance:com.automation.tests.GuestCheckoutPageTest@1a482e36]" name="setup" is-config="true" duration-ms="15916" started-at="2019-04-27T22:05:03Z" finished-at="2019-04-27T22:05:19Z">
          <reporter-output>
          </reporter-output>
        </test-method> <!-- setup -->
        <test-method status="PASS" signature="validateAlreadyRegisterdEmails()[pri:0, instance:com.automation.tests.GuestCheckoutPageTest@1a482e36]" name="validateAlreadyRegisterdEmails" duration-ms="1255" started-at="2019-04-27T22:05:19Z" finished-at="2019-04-27T22:05:20Z">
          <reporter-output>
          </reporter-output>
        </test-method> <!-- validateAlreadyRegisterdEmails -->
        <test-method status="PASS" signature="tearDown()[pri:0, instance:com.automation.tests.GuestCheckoutPageTest@1a482e36]" name="tearDown" is-config="true" duration-ms="704" started-at="2019-04-27T22:05:20Z" finished-at="2019-04-27T22:05:21Z">
          <reporter-output>
          </reporter-output>
        </test-method> <!-- tearDown -->
        <test-method status="PASS" signature="setup()[pri:0, instance:com.automation.tests.GuestCheckoutPageTest@1a482e36]" name="setup" is-config="true" duration-ms="14499" started-at="2019-04-27T22:05:21Z" finished-at="2019-04-27T22:05:36Z">
          <reporter-output>
          </reporter-output>
        </test-method> <!-- setup -->
        <test-method status="PASS" signature="verifyEmailAndCreateAccontButton()[pri:0, instance:com.automation.tests.GuestCheckoutPageTest@1a482e36]" name="verifyEmailAndCreateAccontButton" duration-ms="197" started-at="2019-04-27T22:05:36Z" finished-at="2019-04-27T22:05:36Z">
          <reporter-output>
          </reporter-output>
        </test-method> <!-- verifyEmailAndCreateAccontButton -->
        <test-method status="PASS" signature="tearDown()[pri:0, instance:com.automation.tests.GuestCheckoutPageTest@1a482e36]" name="tearDown" is-config="true" duration-ms="697" started-at="2019-04-27T22:05:36Z" finished-at="2019-04-27T22:05:36Z">
          <reporter-output>
          </reporter-output>
        </test-method> <!-- tearDown -->
      </class> <!-- com.automation.tests.GuestCheckoutPageTest -->
      <class name="com.automation.tests.HomePageTest">
        <test-method status="PASS" signature="setup()[pri:0, instance:com.automation.tests.HomePageTest@59662a0b]" name="setup" is-config="true" duration-ms="6113" started-at="2019-04-27T22:04:23Z" finished-at="2019-04-27T22:04:29Z">
          <reporter-output>
          </reporter-output>
        </test-method> <!-- setup -->
        <test-method status="PASS" signature="navigateToCategoryTest()[pri:0, instance:com.automation.tests.HomePageTest@59662a0b]" name="navigateToCategoryTest" duration-ms="2226" started-at="2019-04-27T22:04:29Z" finished-at="2019-04-27T22:04:31Z">
          <reporter-output>
          </reporter-output>
        </test-method> <!-- navigateToCategoryTest -->
        <test-method status="PASS" signature="tearDown()[pri:0, instance:com.automation.tests.HomePageTest@59662a0b]" name="tearDown" is-config="true" duration-ms="703" started-at="2019-04-27T22:04:31Z" finished-at="2019-04-27T22:04:32Z">
          <reporter-output>
          </reporter-output>
        </test-method> <!-- tearDown -->
      </class> <!-- com.automation.tests.HomePageTest -->
      <class name="com.automation.tests.CategoryPageTest">
        <test-method status="PASS" signature="setup()[pri:0, instance:com.automation.tests.CategoryPageTest@77fbd92c]" name="setup" is-config="true" duration-ms="8363" started-at="2019-04-27T22:04:32Z" finished-at="2019-04-27T22:04:40Z">
          <reporter-output>
          </reporter-output>
        </test-method> <!-- setup -->
        <test-method status="PASS" signature="verifyselectItemAndCheckOut()[pri:0, instance:com.automation.tests.CategoryPageTest@77fbd92c]" name="verifyselectItemAndCheckOut" duration-ms="5366" started-at="2019-04-27T22:04:40Z" finished-at="2019-04-27T22:04:45Z">
          <reporter-output>
          </reporter-output>
        </test-method> <!-- verifyselectItemAndCheckOut -->
        <test-method status="PASS" signature="tearDown()[pri:0, instance:com.automation.tests.CategoryPageTest@77fbd92c]" name="tearDown" is-config="true" duration-ms="691" started-at="2019-04-27T22:04:45Z" finished-at="2019-04-27T22:04:46Z">
          <reporter-output>
          </reporter-output>
        </test-method> <!-- tearDown -->
      </class> <!-- com.automation.tests.CategoryPageTest -->
      <class name="com.automation.tests.ShippingTabPageTest">
        <test-method status="PASS" signature="setUp()[pri:0, instance:com.automation.tests.ShippingTabPageTest@2f9f7dcf]" name="setUp" is-config="true" duration-ms="21154" started-at="2019-04-27T22:08:00Z" finished-at="2019-04-27T22:08:22Z">
          <reporter-output>
          </reporter-output>
        </test-method> <!-- setUp -->
        <test-method status="PASS" signature="verifyProceedToCheckoutShippingTab()[pri:0, instance:com.automation.tests.ShippingTabPageTest@2f9f7dcf]" name="verifyProceedToCheckoutShippingTab" duration-ms="1154" started-at="2019-04-27T22:08:22Z" finished-at="2019-04-27T22:08:23Z">
          <reporter-output>
          </reporter-output>
        </test-method> <!-- verifyProceedToCheckoutShippingTab -->
        <test-method status="PASS" signature="tearDown()[pri:0, instance:com.automation.tests.ShippingTabPageTest@2f9f7dcf]" name="tearDown" is-config="true" duration-ms="701" started-at="2019-04-27T22:08:23Z" finished-at="2019-04-27T22:08:23Z">
          <reporter-output>
          </reporter-output>
        </test-method> <!-- tearDown -->
      </class> <!-- com.automation.tests.ShippingTabPageTest -->
      <class name="com.automation.tests.PaymentConfirmOrderPageTest">
        <test-method status="PASS" signature="setUp()[pri:0, instance:com.automation.tests.PaymentConfirmOrderPageTest@747ddf94]" name="setUp" is-config="true" duration-ms="23252" started-at="2019-04-27T22:08:23Z" finished-at="2019-04-27T22:08:47Z">
          <reporter-output>
          </reporter-output>
        </test-method> <!-- setUp -->
        <test-method status="PASS" signature="verifyOrder()[pri:0, instance:com.automation.tests.PaymentConfirmOrderPageTest@747ddf94]" name="verifyOrder" duration-ms="79" started-at="2019-04-27T22:08:47Z" finished-at="2019-04-27T22:08:47Z">
          <reporter-output>
          </reporter-output>
        </test-method> <!-- verifyOrder -->
        <test-method status="PASS" signature="tearDown()[pri:0, instance:com.automation.tests.PaymentConfirmOrderPageTest@747ddf94]" name="tearDown" is-config="true" duration-ms="697" started-at="2019-04-27T22:08:47Z" finished-at="2019-04-27T22:08:48Z">
          <reporter-output>
          </reporter-output>
        </test-method> <!-- tearDown -->
      </class> <!-- com.automation.tests.PaymentConfirmOrderPageTest -->
      <class name="com.automation.tests.AddressTabPageTest">
        <test-method status="PASS" signature="setup()[pri:0, instance:com.automation.tests.AddressTabPageTest@5b8dfcc1]" name="setup" is-config="true" duration-ms="20005" started-at="2019-04-27T22:07:37Z" finished-at="2019-04-27T22:07:57Z">
          <reporter-output>
          </reporter-output>
        </test-method> <!-- setup -->
        <test-method status="PASS" signature="verifyProceedToCheckoutAddressTab()[pri:0, instance:com.automation.tests.AddressTabPageTest@5b8dfcc1]" name="verifyProceedToCheckoutAddressTab" duration-ms="2892" started-at="2019-04-27T22:07:57Z" finished-at="2019-04-27T22:08:00Z">
          <reporter-output>
          </reporter-output>
        </test-method> <!-- verifyProceedToCheckoutAddressTab -->
        <test-method status="PASS" signature="tearDown()[pri:0, instance:com.automation.tests.AddressTabPageTest@5b8dfcc1]" name="tearDown" is-config="true" duration-ms="710" started-at="2019-04-27T22:08:00Z" finished-at="2019-04-27T22:08:00Z">
          <reporter-output>
          </reporter-output>
        </test-method> <!-- tearDown -->
      </class> <!-- com.automation.tests.AddressTabPageTest -->
    </test> <!-- Automation Challenge Test Execution -->
  </suite> <!-- Test Automation Test Suite -->
</testng-results>
